[debug] [2020-02-14T03:54:01.496Z] ----------------------------------------------------------------------
[debug] [2020-02-14T03:54:01.498Z] Command:       D:\VS_CODE\Node\node.exe C:\Users\Yiyuan Wang\AppData\Roaming\npm\node_modules\firebase-tools\lib\bin\firebase.js serve
[debug] [2020-02-14T03:54:01.498Z] CLI Version:   7.6.2
[debug] [2020-02-14T03:54:01.498Z] Platform:      win32
[debug] [2020-02-14T03:54:01.498Z] Node Version:  v13.0.1
[debug] [2020-02-14T03:54:01.499Z] Time:          Thu Feb 13 2020 22:54:01 GMT-0500 (Eastern Standard Time)
[debug] [2020-02-14T03:54:01.499Z] ----------------------------------------------------------------------
[debug] [2020-02-14T03:54:01.499Z] 
[debug] [2020-02-14T03:54:01.505Z] > command requires scopes: ["email","openid","https://www.googleapis.com/auth/cloudplatformprojects.readonly","https://www.googleapis.com/auth/firebase","https://www.googleapis.com/auth/cloud-platform"]
[debug] [2020-02-14T03:54:01.505Z] > authorizing via signed-in user
[debug] [2020-02-14T03:54:01.506Z] [iam] checking project csse490-videos for permissions ["firebase.projects.get"]
[debug] [2020-02-14T03:54:01.507Z] >>> HTTP REQUEST POST https://cloudresourcemanager.googleapis.com/v1/projects/csse490-videos:testIamPermissions  

[debug] [2020-02-14T03:54:01.773Z] <<< HTTP RESPONSE 200
[debug] [2020-02-14T03:54:01.775Z] >>> HTTP REQUEST GET https://firebase.googleapis.com/v1beta1/projects/csse490-videos  
 
[debug] [2020-02-14T03:54:02.029Z] <<< HTTP RESPONSE 200
[info] 
[info] === Serving from 'D:\VS_CODE\CSSE490-YouTube-data-mining\CSSE490_Web'...
[info] 
[debug] [2020-02-14T03:54:02.031Z] >>> HTTP REQUEST GET https://firebase.googleapis.com/v1beta1/projects/csse490-videos/webApps/-/config  
 
[debug] [2020-02-14T03:54:02.427Z] <<< HTTP RESPONSE 200
[info] i  hosting: Serving hosting files from: html_plots
[info] +  hosting: Local server: http://localhost:5000
